2025-08-14T18:26:49+02:00 insertPayment payload: {"user_id":1,"billing_id":"9","reservation_id":"33","sub_method_id":6,"amount_paid":"50","payment_date":"2025-08-14","notes":"GG"}
2025-08-20T15:12:08+02:00 insertPayment payload: {"user_id":1,"billing_id":"12","reservation_id":"36","sub_method_id":6,"amount_paid":"100","payment_date":"2025-08-20","notes":"PP"}
2025-08-20T15:12:11+02:00 PDOException: SQLSTATE[23000]: Integrity constraint violation: 1452 Cannot add or update a child row: a foreign key constraint fails (`hotel_db`.`payment`, CONSTRAINT `payment_ibfk_1` FOREIGN KEY (`user_id`) REFERENCES `user` (`user_id`))
2025-08-20T15:13:26+02:00 insertPayment payload: {"user_id":1,"billing_id":"12","reservation_id":"36","sub_method_id":6,"amount_paid":"100","payment_date":"2025-08-20","notes":"pp"}
2025-08-20T15:13:26+02:00 PDOException: SQLSTATE[23000]: Integrity constraint violation: 1452 Cannot add or update a child row: a foreign key constraint fails (`hotel_db`.`payment`, CONSTRAINT `payment_ibfk_1` FOREIGN KEY (`user_id`) REFERENCES `user` (`user_id`))
2025-08-20T15:19:22+02:00 insertPayment payload: {"user_id":1,"billing_id":"12","reservation_id":"36","sub_method_id":6,"amount_paid":"100","payment_date":"2025-08-20","notes":"PP"}
2025-08-20T15:19:22+02:00 PDOException: SQLSTATE[23000]: Integrity constraint violation: 1452 Cannot add or update a child row: a foreign key constraint fails (`hotel_db`.`payment`, CONSTRAINT `payment_ibfk_1` FOREIGN KEY (`user_id`) REFERENCES `user` (`user_id`))
2025-08-20T15:21:45+02:00 insertPayment payload: {"user_id":1,"billing_id":"12","reservation_id":"36","sub_method_id":6,"amount_paid":"100","payment_date":"2025-08-20","notes":"PP"}
2025-08-20T15:21:45+02:00 ERROR: Invalid user_id: 1
2025-08-20T15:25:22+02:00 insertPayment payload: {"user_id":1,"billing_id":"12","reservation_id":"36","sub_method_id":6,"amount_paid":"100","payment_date":"2025-08-20","notes":"PP"}
2025-08-20T15:25:22+02:00 PDOException: SQLSTATE[23000]: Integrity constraint violation: 1452 Cannot add or update a child row: a foreign key constraint fails (`hotel_db`.`payment`, CONSTRAINT `payment_ibfk_1` FOREIGN KEY (`user_id`) REFERENCES `user` (`user_id`))
2025-08-20T15:26:06+02:00 insertPayment payload: {"user_id":1,"billing_id":"12","reservation_id":"36","sub_method_id":6,"amount_paid":"100","payment_date":"2025-08-20","notes":"PP"}
2025-08-20T15:26:06+02:00 PDOException: SQLSTATE[23000]: Integrity constraint violation: 1452 Cannot add or update a child row: a foreign key constraint fails (`hotel_db`.`payment`, CONSTRAINT `payment_ibfk_1` FOREIGN KEY (`user_id`) REFERENCES `user` (`user_id`))
2025-08-20T15:27:50+02:00 insertPayment payload: {"user_id":1,"billing_id":"12","reservation_id":"36","sub_method_id":6,"amount_paid":"100","payment_date":"2025-08-20","notes":"PP"}
2025-08-20T15:27:50+02:00 PDOException: SQLSTATE[23000]: Integrity constraint violation: 1452 Cannot add or update a child row: a foreign key constraint fails (`hotel_db`.`payment`, CONSTRAINT `payment_ibfk_1` FOREIGN KEY (`user_id`) REFERENCES `user` (`user_id`))
2025-08-20T15:30:42+02:00 insertPayment payload: {"user_id":1,"billing_id":"12","reservation_id":"36","sub_method_id":6,"amount_paid":"100","payment_date":"2025-08-20","notes":"pp"}
2025-08-20T15:30:42+02:00 PDOException: SQLSTATE[23000]: Integrity constraint violation: 1452 Cannot add or update a child row: a foreign key constraint fails (`hotel_db`.`payment`, CONSTRAINT `payment_ibfk_1` FOREIGN KEY (`user_id`) REFERENCES `user` (`user_id`))
2025-08-20T17:00:47+02:00 insertPayment payload: {"user_id":1,"billing_id":"12","reservation_id":"36","sub_method_id":6,"amount_paid":"100","payment_date":"2025-08-20","notes":"pp"}
2025-08-20T17:00:48+02:00 PDOException: SQLSTATE[23000]: Integrity constraint violation: 1452 Cannot add or update a child row: a foreign key constraint fails (`hotel_db`.`payment`, CONSTRAINT `payment_ibfk_1` FOREIGN KEY (`user_id`) REFERENCES `user` (`user_id`))
2025-08-20T17:01:51+02:00 insertPayment payload: {"user_id":1,"billing_id":"12","reservation_id":"36","sub_method_id":6,"amount_paid":"99","payment_date":"2025-08-20","notes":"pp"}
2025-08-20T17:01:51+02:00 PDOException: SQLSTATE[23000]: Integrity constraint violation: 1452 Cannot add or update a child row: a foreign key constraint fails (`hotel_db`.`payment`, CONSTRAINT `payment_ibfk_1` FOREIGN KEY (`user_id`) REFERENCES `user` (`user_id`))
2025-08-20T17:12:26+02:00 insertPayment payload: {"user_id":2,"billing_id":"12","reservation_id":"36","sub_method_id":6,"amount_paid":"99","payment_date":"2025-08-20 23:12:26","notes":"pp"}
2025-08-20T17:26:03+02:00 insertPayment payload: {"user_id":7,"billing_id":"12","reservation_id":"36","sub_method_id":6,"amount_paid":"100","payment_date":"2025-08-20 23:26:03","notes":"done"}
2025-08-21T09:50:38+02:00 insertPayment payload: {"user_id":2,"billing_id":"11","reservation_id":"35","sub_method_id":6,"amount_paid":"99","payment_date":"2025-08-21 15:50:38","notes":"PP"}
2025-08-28T16:02:21+02:00 insertPayment payload: {"user_id":2,"billing_id":"69","reservation_id":"91","sub_method_id":6,"amount_paid":"99.5","payment_date":"2025-08-28 22:02:21","notes":"Paid Bill"}
